[GIN-debug] [WARNING] Creating an Engine instance with the Logger and Recovery middleware already attached.

[GIN-debug] [WARNING] Running in "debug" mode. Switch to "release" mode in production.
 - using env:	export GIN_MODE=release
 - using code:	gin.SetMode(gin.ReleaseMode)

[GIN-debug] POST   /api/v1/login             --> hobbyhub-server/api.UserLogin (3 handlers)
[GIN-debug] GET    /api/v1/user/             --> hobbyhub-server/api.GetUserInfo (3 handlers)
[GIN-debug] PUT    /api/v1/user/             --> hobbyhub-server/api.UserRegister (3 handlers)
[GIN-debug] POST   /api/v1/user/             --> hobbyhub-server/api.UpdateUserInfo (3 handlers)
[GIN-debug] GET    /api/v1/chat/             --> hobbyhub-server/api.GetChatHistory (3 handlers)
[GIN-debug] POST   /api/v1/chat/             --> hobbyhub-server/api.SendChat (3 handlers)
[GIN-debug] DELETE /api/v1/chat/:id          --> hobbyhub-server/api.DeleteChat (3 handlers)
[GIN-debug] GET    /api/v1/friend/           --> hobbyhub-server/api.GetFriendList (3 handlers)
[GIN-debug] POST   /api/v1/friend/           --> hobbyhub-server/api.SendFriendRequest (3 handlers)
[GIN-debug] PUT    /api/v1/friend/           --> hobbyhub-server/api.UpdateFriendStatus (3 handlers)
[GIN-debug] DELETE /api/v1/friend/:id        --> hobbyhub-server/api.DeleteFriend (3 handlers)
[GIN-debug] POST   /api/v1/file/             --> hobbyhub-server/api.UploadFile (3 handlers)
[GIN-debug] GET    /api/v1/file/:id          --> hobbyhub-server/api.DownloadFile (3 handlers)
[GIN-debug] DELETE /api/v1/file/:id          --> hobbyhub-server/api.DeleteFile (3 handlers)
[GIN-debug] GET    /api/v1/activity/:id      --> hobbyhub-server/api.GetActivitie (3 handlers)
[GIN-debug] GET    /api/v1/activity/member   --> hobbyhub-server/api.GetUserActivities (3 handlers)
[GIN-debug] GET    /api/v1/activity/         --> hobbyhub-server/api.GetAllActivitie (3 handlers)
[GIN-debug] PUT    /api/v1/activity/         --> hobbyhub-server/api.CreateActivity (3 handlers)
[GIN-debug] POST   /api/v1/activity/:id      --> hobbyhub-server/api.UpdateActivity (3 handlers)
[GIN-debug] DELETE /api/v1/activity/:id      --> hobbyhub-server/api.DeleteActivity (3 handlers)
[GIN-debug] GET    /api/v1/activity/:id/member --> hobbyhub-server/api.GetActivityMembers (3 handlers)
[GIN-debug] PUT    /api/v1/activity/:id/member --> hobbyhub-server/api.JoinActivity (3 handlers)
[GIN-debug] DELETE /api/v1/activity/:id/member --> hobbyhub-server/api.LeaveActivity (3 handlers)
[GIN-debug] GET    /api/v1/activity/:id/comment --> hobbyhub-server/api.GetActivityComments (3 handlers)
[GIN-debug] PUT    /api/v1/activity/:id/comment --> hobbyhub-server/api.AddActivityComment (3 handlers)
[GIN-debug] DELETE /api/v1/activity/comment/:commentId --> hobbyhub-server/api.DeleteActivityComment (3 handlers)
[GIN-debug] GET    /swagger/*any             --> github.com/swaggo/gin-swagger.CustomWrapHandler.func1 (3 handlers)
2025/06/08 14:09:00 服务器启动在 localhost:8081
[GIN-debug] [WARNING] You trusted all proxies, this is NOT safe. We recommend you to set a value.
Please check https://pkg.go.dev/github.com/gin-gonic/gin#readme-don-t-trust-all-proxies for details.
[GIN-debug] Listening and serving HTTP on localhost:8081
2025/06/08 14:12:33 SQLite数据库文件路径已准备: ./database.db
2025/06/08 14:12:33 成功连接到SQLite数据库: ./database.db
2025/06/08 14:12:33 所有模型已成功迁移到数据库
[GIN-debug] [WARNING] Creating an Engine instance with the Logger and Recovery middleware already attached.

[GIN-debug] [WARNING] Running in "debug" mode. Switch to "release" mode in production.
 - using env:	export GIN_MODE=release
 - using code:	gin.SetMode(gin.ReleaseMode)

[GIN-debug] POST   /api/v1/login             --> hobbyhub-server/api.UserLogin (3 handlers)
[GIN-debug] GET    /api/v1/user/             --> hobbyhub-server/api.GetUserInfo (3 handlers)
[GIN-debug] PUT    /api/v1/user/             --> hobbyhub-server/api.UserRegister (3 handlers)
[GIN-debug] POST   /api/v1/user/             --> hobbyhub-server/api.UpdateUserInfo (3 handlers)
[GIN-debug] GET    /api/v1/chat/             --> hobbyhub-server/api.GetChatHistory (3 handlers)
[GIN-debug] POST   /api/v1/chat/             --> hobbyhub-server/api.SendChat (3 handlers)
[GIN-debug] DELETE /api/v1/chat/:id          --> hobbyhub-server/api.DeleteChat (3 handlers)
[GIN-debug] GET    /api/v1/friend/           --> hobbyhub-server/api.GetFriendList (3 handlers)
[GIN-debug] POST   /api/v1/friend/           --> hobbyhub-server/api.SendFriendRequest (3 handlers)
[GIN-debug] PUT    /api/v1/friend/           --> hobbyhub-server/api.UpdateFriendStatus (3 handlers)
[GIN-debug] DELETE /api/v1/friend/:id        --> hobbyhub-server/api.DeleteFriend (3 handlers)
[GIN-debug] POST   /api/v1/file/             --> hobbyhub-server/api.UploadFile (3 handlers)
[GIN-debug] GET    /api/v1/file/:id          --> hobbyhub-server/api.DownloadFile (3 handlers)
[GIN-debug] DELETE /api/v1/file/:id          --> hobbyhub-server/api.DeleteFile (3 handlers)
[GIN-debug] GET    /api/v1/activity/:id      --> hobbyhub-server/api.GetActivitie (3 handlers)
[GIN-debug] GET    /api/v1/activity/member   --> hobbyhub-server/api.GetUserActivities (3 handlers)
[GIN-debug] GET    /api/v1/activity/         --> hobbyhub-server/api.GetAllActivitie (3 handlers)
[GIN-debug] PUT    /api/v1/activity/         --> hobbyhub-server/api.CreateActivity (3 handlers)
[GIN-debug] POST   /api/v1/activity/:id      --> hobbyhub-server/api.UpdateActivity (3 handlers)
[GIN-debug] DELETE /api/v1/activity/:id      --> hobbyhub-server/api.DeleteActivity (3 handlers)
[GIN-debug] GET    /api/v1/activity/:id/member --> hobbyhub-server/api.GetActivityMembers (3 handlers)
[GIN-debug] PUT    /api/v1/activity/:id/member --> hobbyhub-server/api.JoinActivity (3 handlers)
[GIN-debug] DELETE /api/v1/activity/:id/member --> hobbyhub-server/api.LeaveActivity (3 handlers)
[GIN-debug] GET    /api/v1/activity/:id/comment --> hobbyhub-server/api.GetActivityComments (3 handlers)
[GIN-debug] PUT    /api/v1/activity/:id/comment --> hobbyhub-server/api.AddActivityComment (3 handlers)
[GIN-debug] DELETE /api/v1/activity/comment/:commentId --> hobbyhub-server/api.DeleteActivityComment (3 handlers)
[GIN-debug] GET    /swagger/*any             --> github.com/swaggo/gin-swagger.CustomWrapHandler.func1 (3 handlers)
2025/06/08 14:12:33 服务器启动在 localhost:8081
[GIN-debug] [WARNING] You trusted all proxies, this is NOT safe. We recommend you to set a value.
Please check https://pkg.go.dev/github.com/gin-gonic/gin#readme-don-t-trust-all-proxies for details.
[GIN-debug] Listening and serving HTTP on localhost:8081
2025/06/08 14:13:05 SQLite数据库文件路径已准备: ./database.db
2025/06/08 14:13:05 成功连接到SQLite数据库: ./database.db
2025/06/08 14:13:05 所有模型已成功迁移到数据库
[GIN-debug] [WARNING] Creating an Engine instance with the Logger and Recovery middleware already attached.

[GIN-debug] [WARNING] Running in "debug" mode. Switch to "release" mode in production.
 - using env:	export GIN_MODE=release
 - using code:	gin.SetMode(gin.ReleaseMode)

[GIN-debug] POST   /api/v1/login             --> hobbyhub-server/api.UserLogin (3 handlers)
[GIN-debug] GET    /api/v1/user/             --> hobbyhub-server/api.GetUserInfo (3 handlers)
[GIN-debug] PUT    /api/v1/user/             --> hobbyhub-server/api.UserRegister (3 handlers)
[GIN-debug] POST   /api/v1/user/             --> hobbyhub-server/api.UpdateUserInfo (3 handlers)
[GIN-debug] GET    /api/v1/chat/             --> hobbyhub-server/api.GetChatHistory (3 handlers)
[GIN-debug] POST   /api/v1/chat/             --> hobbyhub-server/api.SendChat (3 handlers)
[GIN-debug] DELETE /api/v1/chat/:id          --> hobbyhub-server/api.DeleteChat (3 handlers)
[GIN-debug] GET    /api/v1/friend/           --> hobbyhub-server/api.GetFriendList (3 handlers)
[GIN-debug] POST   /api/v1/friend/           --> hobbyhub-server/api.SendFriendRequest (3 handlers)
[GIN-debug] PUT    /api/v1/friend/           --> hobbyhub-server/api.UpdateFriendStatus (3 handlers)
[GIN-debug] DELETE /api/v1/friend/:id        --> hobbyhub-server/api.DeleteFriend (3 handlers)
[GIN-debug] POST   /api/v1/file/             --> hobbyhub-server/api.UploadFile (3 handlers)
[GIN-debug] GET    /api/v1/file/:id          --> hobbyhub-server/api.DownloadFile (3 handlers)
[GIN-debug] DELETE /api/v1/file/:id          --> hobbyhub-server/api.DeleteFile (3 handlers)
[GIN-debug] GET    /api/v1/activity/:id      --> hobbyhub-server/api.GetActivitie (3 handlers)
[GIN-debug] GET    /api/v1/activity/member   --> hobbyhub-server/api.GetUserActivities (3 handlers)
[GIN-debug] GET    /api/v1/activity/         --> hobbyhub-server/api.GetAllActivitie (3 handlers)
[GIN-debug] PUT    /api/v1/activity/         --> hobbyhub-server/api.CreateActivity (3 handlers)
[GIN-debug] POST   /api/v1/activity/:id      --> hobbyhub-server/api.UpdateActivity (3 handlers)
[GIN-debug] DELETE /api/v1/activity/:id      --> hobbyhub-server/api.DeleteActivity (3 handlers)
[GIN-debug] GET    /api/v1/activity/:id/member --> hobbyhub-server/api.GetActivityMembers (3 handlers)
[GIN-debug] PUT    /api/v1/activity/:id/member --> hobbyhub-server/api.JoinActivity (3 handlers)
[GIN-debug] DELETE /api/v1/activity/:id/member --> hobbyhub-server/api.LeaveActivity (3 handlers)
[GIN-debug] GET    /api/v1/activity/:id/comment --> hobbyhub-server/api.GetActivityComments (3 handlers)
[GIN-debug] PUT    /api/v1/activity/:id/comment --> hobbyhub-server/api.AddActivityComment (3 handlers)
[GIN-debug] DELETE /api/v1/activity/comment/:commentId --> hobbyhub-server/api.DeleteActivityComment (3 handlers)
[GIN-debug] GET    /swagger/*any             --> github.com/swaggo/gin-swagger.CustomWrapHandler.func1 (3 handlers)
2025/06/08 14:13:05 服务器启动在 localhost:8081
[GIN-debug] [WARNING] You trusted all proxies, this is NOT safe. We recommend you to set a value.
Please check https://pkg.go.dev/github.com/gin-gonic/gin#readme-don-t-trust-all-proxies for details.
[GIN-debug] Listening and serving HTTP on localhost:8081
[GIN] 2025/06/08 - 14:13:23 | 200 |       429.9µs |       127.0.0.1 | GET      "/swagger/index.html"
[GIN] 2025/06/08 - 14:13:23 | 200 |      2.2534ms |       127.0.0.1 | GET      "/swagger/swagger-ui.css"
[GIN] 2025/06/08 - 14:13:23 | 200 |      4.4983ms |       127.0.0.1 | GET      "/swagger/swagger-ui-standalone-preset.js"
[GIN] 2025/06/08 - 14:13:23 | 200 |     17.0507ms |       127.0.0.1 | GET      "/swagger/swagger-ui-bundle.js"
[GIN] 2025/06/08 - 14:13:24 | 200 |      1.1418ms |       127.0.0.1 | GET      "/swagger/doc.json"
[GIN] 2025/06/08 - 14:13:24 | 200 |            0s |       127.0.0.1 | GET      "/swagger/favicon-32x32.png"
[GIN] 2025/06/08 - 14:13:52 | 200 |            0s |       127.0.0.1 | GET      "/swagger/index.html"
[GIN] 2025/06/08 - 14:13:52 | 304 |            0s |       127.0.0.1 | GET      "/swagger/swagger-ui.css"
[GIN] 2025/06/08 - 14:13:52 | 304 |            0s |       127.0.0.1 | GET      "/swagger/swagger-ui-bundle.js"
[GIN] 2025/06/08 - 14:13:52 | 304 |       328.6µs |       127.0.0.1 | GET      "/swagger/swagger-ui-standalone-preset.js"
[GIN] 2025/06/08 - 14:13:52 | 200 |      1.6914ms |       127.0.0.1 | GET      "/swagger/doc.json"
[GIN] 2025/06/08 - 14:13:54 | 200 |            0s |       127.0.0.1 | GET      "/swagger/index.html"
[GIN] 2025/06/08 - 14:13:55 | 200 |       764.2µs |       127.0.0.1 | GET      "/swagger/doc.json"
